gaps (INFO) - [config.py:215] : Running supply-curve from config file: '/home/twillia2/github/reV-tutorial/wind/rev/aggregation/config_supply-curve.json'
gaps (INFO) - [config.py:220] : Target output directory: '/home/twillia2/github/reV-tutorial/wind/rev/aggregation'
gaps (INFO) - [config.py:221] : Target logging directory: '/home/twillia2/github/reV-tutorial/wind/rev/aggregation/logs'
gaps (INFO) - [execution.py:119] : Running 'supply-curve' locally with job name 'aggregation_supply_curve'.
INFO - 2023-09-05 12:35:23,401 [__init__.py:63] : Running with reV version 0.8.1
INFO - 2023-09-05 12:35:23,402 [loggers.py:600] : Running with rex version 0.2.84
INFO - 2023-09-05 12:35:23,402 [supply_curve.py:124] : Supply curve points input: /home/twillia2/github/reV-tutorial/wind/rev/aggregation/aggregation_supply-curve-aggregation.csv
INFO - 2023-09-05 12:35:23,402 [supply_curve.py:125] : Transmission table input: /home/twillia2/github/reV-tutorial/wind/rev/aggregation/ri_transmission_table.csv
INFO - 2023-09-05 12:35:23,402 [supply_curve.py:126] : Supply curve capacity column: capacity
INFO - 2023-09-05 12:35:23,436 [supply_curve.py:512] : Merging SC table and Trans Table with sc_table_col: trans_table_col mapping: {'sc_row_ind': 'sc_point_row_id', 'sc_col_ind': 'sc_point_col_id'}
WARNING - 2023-09-05 12:35:23,444 [supply_curve.py:443] : There are 11 Supply Curve points with missing transmission mappings. Supply curve points with no transmission features will not be connected! Missing sc_gid's: [0, 6, 12, 17, 22, 27, 31, 35, 38, 42, 45]
INFO - 2023-09-05 12:35:23,447 [supply_curve.py:1177] : Starting full competitive supply curve sort.
INFO - 2023-09-05 12:35:23,508 [supply_curve.py:758] : Computing LCOT costs for all possible connections...
INFO - 2023-09-05 12:35:36,993 [supply_curve.py:789] : LCOT cost calculation is complete.
WARNING - 2023-09-05 12:35:37,068 [supply_curve.py:1075] : 48 supply curve points were not connected to tranmission! Unconnected sc_gid's: [0, 1, 2, 3, 4, 5, 6, 7, 8, 9, 10, 11, 12, 13, 14, 15, 16, 17, 18, 19, 20, 21, 22, 23, 24, 25, 26, 27, 28, 29, 30, 31, 32, 33, 34, 35, 36, 37, 38, 39, 40, 41, 42, 43, 44, 45, 46, 47]
INFO - 2023-09-05 12:35:37,074 [status.py:736] : Command 'supply-curve' complete. Time elapsed: 0:00:13. Target output file: '/home/twillia2/github/reV-tutorial/wind/rev/aggregation/aggregation_supply-curve.csv'
gaps (INFO) - [execution.py:134] : Subprocess received stdout: 
INFO - 2023-09-05 12:35:23,401 [__init__.py:63] : Running with reV version 0.8.1
INFO - 2023-09-05 12:35:23,402 [loggers.py:600] : Running with rex version 0.2.84
INFO - 2023-09-05 12:35:23,402 [supply_curve.py:124] : Supply curve points input: /home/twillia2/github/reV-tutorial/wind/rev/aggregation/aggregation_supply-curve-aggregation.csv
INFO - 2023-09-05 12:35:23,402 [supply_curve.py:125] : Transmission table input: /home/twillia2/github/reV-tutorial/wind/rev/aggregation/ri_transmission_table.csv
INFO - 2023-09-05 12:35:23,402 [supply_curve.py:126] : Supply curve capacity column: capacity
INFO - 2023-09-05 12:35:23,436 [supply_curve.py:512] : Merging SC table and Trans Table with sc_table_col: trans_table_col mapping: {'sc_row_ind': 'sc_point_row_id', 'sc_col_ind': 'sc_point_col_id'}
WARNING - 2023-09-05 12:35:23,444 [supply_curve.py:443] : There are 11 Supply Curve points with missing transmission mappings. Supply curve points with no transmission features will not be connected! Missing sc_gid's: [0, 6, 12, 17, 22, 27, 31, 35, 38, 42, 45]
INFO - 2023-09-05 12:35:23,447 [supply_curve.py:1177] : Starting full competitive supply curve sort.
INFO - 2023-09-05 12:35:23,508 [supply_curve.py:758] : Computing LCOT costs for all possible connections...
INFO - 2023-09-05 12:35:36,993 [supply_curve.py:789] : LCOT cost calculation is complete.
WARNING - 2023-09-05 12:35:37,068 [supply_curve.py:1075] : 48 supply curve points were not connected to tranmission! Unconnected sc_gid's: [0, 1, 2, 3, 4, 5, 6, 7, 8, 9, 10, 11, 12, 13, 14, 15, 16, 17, 18, 19, 20, 21, 22, 23, 24, 25, 26, 27, 28, 29, 30, 31, 32, 33, 34, 35, 36, 37, 38, 39, 40, 41, 42, 43, 44, 45, 46, 47]
INFO - 2023-09-05 12:35:37,074 [status.py:736] : Command 'supply-curve' complete. Time elapsed: 0:00:13. Target output file: '/home/twillia2/github/reV-tutorial/wind/rev/aggregation/aggregation_supply-curve.csv'
gaps (WARNING) - [execution.py:136] : Subprocess received stderr: 
/vast/shared-projects/rev/modulefiles/alternate_repos/reV/reV/supply_curve/supply_curve.py:444: UserWarning: There are 11 Supply Curve points with missing transmission mappings. Supply curve points with no transmission features will not be connected! Missing sc_gid's: [0, 6, 12, 17, 22, 27, 31, 35, 38, 42, 45]
  warn(msg)
/vast/shared-projects/rev/modulefiles/alternate_repos/reV/reV/supply_curve/supply_curve.py:1076: UserWarning: 48 supply curve points were not connected to tranmission! Unconnected sc_gid's: [0, 1, 2, 3, 4, 5, 6, 7, 8, 9, 10, 11, 12, 13, 14, 15, 16, 17, 18, 19, 20, 21, 22, 23, 24, 25, 26, 27, 28, 29, 30, 31, 32, 33, 34, 35, 36, 37, 38, 39, 40, 41, 42, 43, 44, 45, 46, 47]
  warn(msg)
gaps (INFO) - [execution.py:138] : Completed job 'aggregation_supply_curve'.
gaps (INFO) - [pipeline.py:197] : CLI command 'supply-curve' for job 'aggregation' is successful. (Tue Sep  5 12:35:43 2023)
gaps (ERROR) - [config.py:369] : The following required keys are missing from the configuration file: {'reg_cols'}
