INFO - 2023-02-23 13:33:02,959 [cli_rep_profiles.py:74] : Running reV representative profiles from config file: "/home/twillia2/github/reV-tutorial/cli_runs/aggregation/config_rep-profiles.json"
INFO - 2023-02-23 13:33:02,959 [cli_rep_profiles.py:76] : Target output directory: "/home/twillia2/github/reV-tutorial/cli_runs/aggregation/"
INFO - 2023-02-23 13:33:02,960 [cli_rep_profiles.py:77] : Target logging directory: "/home/twillia2/github/reV-tutorial/cli_runs/aggregation/logs"
INFO - 2023-02-23 13:33:02,963 [rep_profiles_config.py:67] : Rep profiles using the following pipeline input for gen_fpath: /home/twillia2/github/reV-tutorial/cli_runs/aggregation/generation_multi-year.h5
INFO - 2023-02-23 13:33:02,965 [rep_profiles_config.py:67] : Rep profiles using the following pipeline input for gen_fpath: /home/twillia2/github/reV-tutorial/cli_runs/aggregation/generation_multi-year.h5
INFO - 2023-02-23 13:33:02,976 [rep_profiles_config.py:102] : Rep profiles using the following pipeline input for rev_summary: /home/twillia2/github/reV-tutorial/cli_runs/aggregation/aggregation_supply-curve-aggregation.csv
INFO - 2023-02-23 13:33:02,980 [rep_profiles.py:899] : Finding representative profiles that are most similar to the weighted meanoid for each supply curve region.
INFO - 2023-02-23 13:33:02,980 [rep_profiles.py:575] : Running rep profiles with gen_fpath: "/home/twillia2/github/reV-tutorial/cli_runs/aggregation/generation_multi-year.h5"
INFO - 2023-02-23 13:33:02,981 [rep_profiles.py:577] : Running rep profiles with rev_summary: "/home/twillia2/github/reV-tutorial/cli_runs/aggregation/aggregation_supply-curve-aggregation.csv"
INFO - 2023-02-23 13:33:02,983 [rep_profiles.py:579] : Running rep profiles with gid column: "gen_gids"
INFO - 2023-02-23 13:33:02,984 [rep_profiles.py:581] : Running rep profiles with region columns: "['reeds_region', 'res_class']"
INFO - 2023-02-23 13:33:02,986 [rep_profiles.py:583] : Running rep profiles with representative method: "meanoid"
INFO - 2023-02-23 13:33:02,988 [rep_profiles.py:585] : Running rep profiles with error method: "rmse"
INFO - 2023-02-23 13:33:02,989 [rep_profiles.py:587] : Running rep profiles with weight factor: "gid_counts"
WARNING - 2023-02-23 13:33:03,004 [rep_profiles.py:704] : WARNING: reV SC summary table has 19 sc points and CF dataset "cf_profile-2012" has 10 profiles. There should never be more SC points than CF profiles.
INFO - 2023-02-23 13:33:03,069 [rep_profiles.py:1013] : Kicking off 2 rep profile futures.
INFO - 2023-02-23 13:33:06,336 [__init__.py:62] : Running with reV version 0.7.1
INFO - 2023-02-23 13:33:06,337 [loggers.py:600] : Running with rex version 0.2.78
INFO - 2023-02-23 13:33:06,337 [__init__.py:62] : Running with reV version 0.7.1
INFO - 2023-02-23 13:33:06,338 [loggers.py:600] : Running with rex version 0.2.78
INFO - 2023-02-23 13:33:06,347 [rep_profiles.py:1054] : Future 1 out of 2 complete for region: {'reeds_region': 41.0, 'res_class': 2}
INFO - 2023-02-23 13:33:06,352 [rep_profiles.py:1054] : Future 2 out of 2 complete for region: {'reeds_region': 6.0, 'res_class': 2}
INFO - 2023-02-23 13:33:07,085 [rep_profiles.py:1101] : Representative profiles complete!
INFO - 2023-02-23 13:33:07,085 [cli_rep_profiles.py:237] : reV representative profiles complete. Time elapsed: 0.07 min. Target output dir: /home/twillia2/github/reV-tutorial/cli_runs/aggregation/
INFO - 2023-02-23 13:33:07,101 [rep_profiles_config.py:102] : Rep profiles using the following pipeline input for rev_summary: /home/twillia2/github/reV-tutorial/cli_runs/aggregation/aggregation_supply-curve-aggregation.csv
INFO - 2023-02-23 13:33:07,107 [rep_profiles.py:899] : Finding representative profiles that are most similar to the weighted meanoid for each supply curve region.
INFO - 2023-02-23 13:33:07,107 [rep_profiles.py:575] : Running rep profiles with gen_fpath: "/home/twillia2/github/reV-tutorial/cli_runs/aggregation/generation_multi-year.h5"
INFO - 2023-02-23 13:33:07,110 [rep_profiles.py:577] : Running rep profiles with rev_summary: "/home/twillia2/github/reV-tutorial/cli_runs/aggregation/aggregation_supply-curve-aggregation.csv"
INFO - 2023-02-23 13:33:07,113 [rep_profiles.py:579] : Running rep profiles with gid column: "gen_gids"
INFO - 2023-02-23 13:33:07,116 [rep_profiles.py:581] : Running rep profiles with region columns: "['reeds_region', 'res_class']"
INFO - 2023-02-23 13:33:07,118 [rep_profiles.py:583] : Running rep profiles with representative method: "meanoid"
INFO - 2023-02-23 13:33:07,121 [rep_profiles.py:585] : Running rep profiles with error method: "rmse"
INFO - 2023-02-23 13:33:07,123 [rep_profiles.py:587] : Running rep profiles with weight factor: "gid_counts"
WARNING - 2023-02-23 13:33:07,138 [rep_profiles.py:704] : WARNING: reV SC summary table has 19 sc points and CF dataset "cf_profile-2013" has 10 profiles. There should never be more SC points than CF profiles.
INFO - 2023-02-23 13:33:07,162 [rep_profiles.py:1013] : Kicking off 2 rep profile futures.
INFO - 2023-02-23 13:33:10,435 [__init__.py:62] : Running with reV version 0.7.1
INFO - 2023-02-23 13:33:10,435 [loggers.py:600] : Running with rex version 0.2.78
INFO - 2023-02-23 13:33:10,450 [rep_profiles.py:1054] : Future 1 out of 2 complete for region: {'reeds_region': 6.0, 'res_class': 2}
INFO - 2023-02-23 13:33:10,461 [__init__.py:62] : Running with reV version 0.7.1
INFO - 2023-02-23 13:33:10,461 [loggers.py:600] : Running with rex version 0.2.78
INFO - 2023-02-23 13:33:10,471 [rep_profiles.py:1054] : Future 2 out of 2 complete for region: {'reeds_region': 41.0, 'res_class': 2}
INFO - 2023-02-23 13:33:11,176 [rep_profiles.py:1101] : Representative profiles complete!
INFO - 2023-02-23 13:33:11,177 [cli_rep_profiles.py:237] : reV representative profiles complete. Time elapsed: 0.07 min. Target output dir: /home/twillia2/github/reV-tutorial/cli_runs/aggregation/
