gaps (INFO) - [config.py:215] : Running generation from config file: '/Users/sthomson/github/reV-tutorial/solar/rev/generation/config_gen.json'
gaps (INFO) - [config.py:220] : Target output directory: '/Users/sthomson/github/reV-tutorial/solar/rev/generation'
gaps (INFO) - [config.py:221] : Target logging directory: '/Users/sthomson/github/reV-tutorial/solar/rev/generation/logs'
INFO - 2023-09-05 01:04:43,472 [cli_functions.py:31] : Initialized reV/rex loggers with name 'generation_generation' and log directory '/Users/sthomson/github/reV-tutorial/solar/rev/generation/logs'
INFO - 2023-09-05 01:04:43,472 [cli_gen.py:96] : The following project points were specified: "/Users/sthomson/github/reV-tutorial/solar/rev/generation/data/rhode_island_onshore_solar_project_points.csv"
INFO - 2023-09-05 01:04:43,472 [cli_gen.py:98] : The following SAM configs are available to this run:
{   'default': '/Users/sthomson/github/reV-tutorial/solar/rev/generation/sam_configs/pv.json'}
INFO - 2023-09-05 01:04:43,473 [cli_gen.py:101] : The following is being used for site specific input data: "None"
gaps (INFO) - [execution.py:119] : Running 'generation' locally with job name 'generation_generation_j0'.
ERROR - 2023-09-05 01:04:44,771 [base.py:590] : Did not recognize reV-SAM technology string "pvwatts8". Technology string options are: ['geothermal', 'pvwattsv5', 'pvwattsv7', 'pvwattsv8', 'pvsamv1', 'tcsmoltensalt', 'solarwaterheat', 'troughphysicalheat', 'lineardirectsteam', 'windpower', 'mhkwave']
INFO - 2023-09-05 01:04:44,772 [status.py:749] : Command 'generation' failed in 0:00:00
gaps (INFO) - [config.py:215] : Running generation from config file: '/Users/sthomson/github/reV-tutorial/solar/rev/generation/config_gen.json'
gaps (INFO) - [config.py:220] : Target output directory: '/Users/sthomson/github/reV-tutorial/solar/rev/generation'
gaps (INFO) - [config.py:221] : Target logging directory: '/Users/sthomson/github/reV-tutorial/solar/rev/generation/logs'
INFO - 2023-09-05 01:05:04,230 [cli_functions.py:31] : Initialized reV/rex loggers with name 'generation_generation' and log directory '/Users/sthomson/github/reV-tutorial/solar/rev/generation/logs'
INFO - 2023-09-05 01:05:04,230 [cli_gen.py:96] : The following project points were specified: "/Users/sthomson/github/reV-tutorial/solar/rev/generation/data/rhode_island_onshore_solar_project_points.csv"
INFO - 2023-09-05 01:05:04,230 [cli_gen.py:98] : The following SAM configs are available to this run:
{   'default': '/Users/sthomson/github/reV-tutorial/solar/rev/generation/sam_configs/pv.json'}
INFO - 2023-09-05 01:05:04,230 [cli_gen.py:101] : The following is being used for site specific input data: "None"
gaps (INFO) - [execution.py:119] : Running 'generation' locally with job name 'generation_generation_j0'.
INFO - 2023-09-05 01:05:05,498 [__init__.py:63] : Running with reV version 0.8.1
INFO - 2023-09-05 01:05:05,498 [loggers.py:600] : Running with rex version 0.2.84
INFO - 2023-09-05 01:05:05,517 [base.py:907] : Initializing full output file: "/Users/sthomson/github/reV-tutorial/solar/rev/generation/generation_generation_j0_2012.h5" with mode: w
INFO - 2023-09-05 01:05:05,587 [base.py:210] : Output results from a single site are calculated to use 0.0 KB of memory.
INFO - 2023-09-05 01:05:05,587 [base.py:177] : Limited to storing 391784 sites in memory (34.4 GB total hardware, 13.7 GB available with 40.0% utilization).
INFO - 2023-09-05 01:05:05,587 [base.py:968] : Initializing in-memory outputs for 57 sites with gids 3 through 99 inclusive (site list index 0 through 56)
INFO - 2023-09-05 01:05:05,588 [generation.py:813] : Running reV generation for: PointsControl with 57 sites from gid 3 through 99
INFO - 2023-09-05 01:05:06,361 [generation.py:829] : Finished reV gen serial compute for: PointsControl with 1 sites from gid 3 through 3 (iteration 1 out of 57)
INFO - 2023-09-05 01:05:07,107 [generation.py:829] : Finished reV gen serial compute for: PointsControl with 1 sites from gid 4 through 4 (iteration 2 out of 57)
INFO - 2023-09-05 01:05:07,851 [generation.py:829] : Finished reV gen serial compute for: PointsControl with 1 sites from gid 11 through 11 (iteration 3 out of 57)
INFO - 2023-09-05 01:05:08,593 [generation.py:829] : Finished reV gen serial compute for: PointsControl with 1 sites from gid 13 through 13 (iteration 4 out of 57)
INFO - 2023-09-05 01:05:09,346 [generation.py:829] : Finished reV gen serial compute for: PointsControl with 1 sites from gid 14 through 14 (iteration 5 out of 57)
INFO - 2023-09-05 01:05:10,115 [generation.py:829] : Finished reV gen serial compute for: PointsControl with 1 sites from gid 15 through 15 (iteration 6 out of 57)
INFO - 2023-09-05 01:05:10,856 [generation.py:829] : Finished reV gen serial compute for: PointsControl with 1 sites from gid 17 through 17 (iteration 7 out of 57)
INFO - 2023-09-05 01:05:11,596 [generation.py:829] : Finished reV gen serial compute for: PointsControl with 1 sites from gid 18 through 18 (iteration 8 out of 57)
INFO - 2023-09-05 01:05:12,347 [generation.py:829] : Finished reV gen serial compute for: PointsControl with 1 sites from gid 19 through 19 (iteration 9 out of 57)
INFO - 2023-09-05 01:05:13,091 [generation.py:829] : Finished reV gen serial compute for: PointsControl with 1 sites from gid 20 through 20 (iteration 10 out of 57)
INFO - 2023-09-05 01:05:13,832 [generation.py:829] : Finished reV gen serial compute for: PointsControl with 1 sites from gid 25 through 25 (iteration 11 out of 57)
INFO - 2023-09-05 01:05:14,571 [generation.py:829] : Finished reV gen serial compute for: PointsControl with 1 sites from gid 26 through 26 (iteration 12 out of 57)
INFO - 2023-09-05 01:05:15,319 [generation.py:829] : Finished reV gen serial compute for: PointsControl with 1 sites from gid 27 through 27 (iteration 13 out of 57)
INFO - 2023-09-05 01:05:16,063 [generation.py:829] : Finished reV gen serial compute for: PointsControl with 1 sites from gid 28 through 28 (iteration 14 out of 57)
INFO - 2023-09-05 01:05:16,803 [generation.py:829] : Finished reV gen serial compute for: PointsControl with 1 sites from gid 29 through 29 (iteration 15 out of 57)
INFO - 2023-09-05 01:05:17,567 [generation.py:829] : Finished reV gen serial compute for: PointsControl with 1 sites from gid 30 through 30 (iteration 16 out of 57)
INFO - 2023-09-05 01:05:18,310 [generation.py:829] : Finished reV gen serial compute for: PointsControl with 1 sites from gid 31 through 31 (iteration 17 out of 57)
INFO - 2023-09-05 01:05:19,055 [generation.py:829] : Finished reV gen serial compute for: PointsControl with 1 sites from gid 32 through 32 (iteration 18 out of 57)
INFO - 2023-09-05 01:05:19,793 [generation.py:829] : Finished reV gen serial compute for: PointsControl with 1 sites from gid 33 through 33 (iteration 19 out of 57)
INFO - 2023-09-05 01:05:20,534 [generation.py:829] : Finished reV gen serial compute for: PointsControl with 1 sites from gid 36 through 36 (iteration 20 out of 57)
INFO - 2023-09-05 01:05:21,274 [generation.py:829] : Finished reV gen serial compute for: PointsControl with 1 sites from gid 38 through 38 (iteration 21 out of 57)
INFO - 2023-09-05 01:05:22,023 [generation.py:829] : Finished reV gen serial compute for: PointsControl with 1 sites from gid 39 through 39 (iteration 22 out of 57)
INFO - 2023-09-05 01:05:22,763 [generation.py:829] : Finished reV gen serial compute for: PointsControl with 1 sites from gid 40 through 40 (iteration 23 out of 57)
INFO - 2023-09-05 01:05:23,503 [generation.py:829] : Finished reV gen serial compute for: PointsControl with 1 sites from gid 43 through 43 (iteration 24 out of 57)
INFO - 2023-09-05 01:05:24,269 [generation.py:829] : Finished reV gen serial compute for: PointsControl with 1 sites from gid 44 through 44 (iteration 25 out of 57)
INFO - 2023-09-05 01:05:25,025 [generation.py:829] : Finished reV gen serial compute for: PointsControl with 1 sites from gid 45 through 45 (iteration 26 out of 57)
INFO - 2023-09-05 01:05:25,781 [generation.py:829] : Finished reV gen serial compute for: PointsControl with 1 sites from gid 46 through 46 (iteration 27 out of 57)
INFO - 2023-09-05 01:05:26,529 [generation.py:829] : Finished reV gen serial compute for: PointsControl with 1 sites from gid 48 through 48 (iteration 28 out of 57)
INFO - 2023-09-05 01:05:27,300 [generation.py:829] : Finished reV gen serial compute for: PointsControl with 1 sites from gid 49 through 49 (iteration 29 out of 57)
INFO - 2023-09-05 01:05:28,075 [generation.py:829] : Finished reV gen serial compute for: PointsControl with 1 sites from gid 52 through 52 (iteration 30 out of 57)
INFO - 2023-09-05 01:05:28,828 [generation.py:829] : Finished reV gen serial compute for: PointsControl with 1 sites from gid 53 through 53 (iteration 31 out of 57)
INFO - 2023-09-05 01:05:29,605 [generation.py:829] : Finished reV gen serial compute for: PointsControl with 1 sites from gid 54 through 54 (iteration 32 out of 57)
INFO - 2023-09-05 01:05:30,355 [generation.py:829] : Finished reV gen serial compute for: PointsControl with 1 sites from gid 55 through 55 (iteration 33 out of 57)
INFO - 2023-09-05 01:05:31,116 [generation.py:829] : Finished reV gen serial compute for: PointsControl with 1 sites from gid 59 through 59 (iteration 34 out of 57)
INFO - 2023-09-05 01:05:31,895 [generation.py:829] : Finished reV gen serial compute for: PointsControl with 1 sites from gid 60 through 60 (iteration 35 out of 57)
INFO - 2023-09-05 01:05:32,637 [generation.py:829] : Finished reV gen serial compute for: PointsControl with 1 sites from gid 63 through 63 (iteration 36 out of 57)
INFO - 2023-09-05 01:05:33,382 [generation.py:829] : Finished reV gen serial compute for: PointsControl with 1 sites from gid 64 through 64 (iteration 37 out of 57)
INFO - 2023-09-05 01:05:34,131 [generation.py:829] : Finished reV gen serial compute for: PointsControl with 1 sites from gid 65 through 65 (iteration 38 out of 57)
INFO - 2023-09-05 01:05:34,884 [generation.py:829] : Finished reV gen serial compute for: PointsControl with 1 sites from gid 67 through 67 (iteration 39 out of 57)
INFO - 2023-09-05 01:05:35,631 [generation.py:829] : Finished reV gen serial compute for: PointsControl with 1 sites from gid 68 through 68 (iteration 40 out of 57)
INFO - 2023-09-05 01:05:36,375 [generation.py:829] : Finished reV gen serial compute for: PointsControl with 1 sites from gid 69 through 69 (iteration 41 out of 57)
INFO - 2023-09-05 01:05:37,117 [generation.py:829] : Finished reV gen serial compute for: PointsControl with 1 sites from gid 71 through 71 (iteration 42 out of 57)
INFO - 2023-09-05 01:05:37,874 [generation.py:829] : Finished reV gen serial compute for: PointsControl with 1 sites from gid 73 through 73 (iteration 43 out of 57)
INFO - 2023-09-05 01:05:38,652 [generation.py:829] : Finished reV gen serial compute for: PointsControl with 1 sites from gid 74 through 74 (iteration 44 out of 57)
INFO - 2023-09-05 01:05:39,406 [generation.py:829] : Finished reV gen serial compute for: PointsControl with 1 sites from gid 77 through 77 (iteration 45 out of 57)
INFO - 2023-09-05 01:05:40,172 [generation.py:829] : Finished reV gen serial compute for: PointsControl with 1 sites from gid 78 through 78 (iteration 46 out of 57)
INFO - 2023-09-05 01:05:40,936 [generation.py:829] : Finished reV gen serial compute for: PointsControl with 1 sites from gid 81 through 81 (iteration 47 out of 57)
INFO - 2023-09-05 01:05:41,677 [generation.py:829] : Finished reV gen serial compute for: PointsControl with 1 sites from gid 82 through 82 (iteration 48 out of 57)
INFO - 2023-09-05 01:05:42,421 [generation.py:829] : Finished reV gen serial compute for: PointsControl with 1 sites from gid 83 through 83 (iteration 49 out of 57)
INFO - 2023-09-05 01:05:43,187 [generation.py:829] : Finished reV gen serial compute for: PointsControl with 1 sites from gid 87 through 87 (iteration 50 out of 57)
INFO - 2023-09-05 01:05:43,951 [generation.py:829] : Finished reV gen serial compute for: PointsControl with 1 sites from gid 90 through 90 (iteration 51 out of 57)
INFO - 2023-09-05 01:05:44,706 [generation.py:829] : Finished reV gen serial compute for: PointsControl with 1 sites from gid 92 through 92 (iteration 52 out of 57)
INFO - 2023-09-05 01:05:45,453 [generation.py:829] : Finished reV gen serial compute for: PointsControl with 1 sites from gid 94 through 94 (iteration 53 out of 57)
INFO - 2023-09-05 01:05:46,229 [generation.py:829] : Finished reV gen serial compute for: PointsControl with 1 sites from gid 96 through 96 (iteration 54 out of 57)
INFO - 2023-09-05 01:05:46,989 [generation.py:829] : Finished reV gen serial compute for: PointsControl with 1 sites from gid 97 through 97 (iteration 55 out of 57)
INFO - 2023-09-05 01:05:47,738 [generation.py:829] : Finished reV gen serial compute for: PointsControl with 1 sites from gid 98 through 98 (iteration 56 out of 57)
INFO - 2023-09-05 01:05:48,487 [generation.py:829] : Finished reV gen serial compute for: PointsControl with 1 sites from gid 99 through 99 (iteration 57 out of 57)
INFO - 2023-09-05 01:05:48,487 [base.py:1076] : Flushing outputs to disk, target file: "/Users/sthomson/github/reV-tutorial/solar/rev/generation/generation_generation_j0_2012.h5"
INFO - 2023-09-05 01:05:48,497 [status.py:738] : Command 'generation' complete. Time elapsed: 0:00:43. Target output file: '/Users/sthomson/github/reV-tutorial/solar/rev/generation/generation_generation_j0_2012.h5'
gaps (INFO) - [execution.py:134] : Subprocess received stdout: 
INFO - 2023-09-05 01:05:05,498 [__init__.py:63] : Running with reV version 0.8.1
INFO - 2023-09-05 01:05:05,498 [loggers.py:600] : Running with rex version 0.2.84
INFO - 2023-09-05 01:05:05,517 [base.py:907] : Initializing full output file: "/Users/sthomson/github/reV-tutorial/solar/rev/generation/generation_generation_j0_2012.h5" with mode: w
INFO - 2023-09-05 01:05:05,587 [base.py:210] : Output results from a single site are calculated to use 0.0 KB of memory.
INFO - 2023-09-05 01:05:05,587 [base.py:177] : Limited to storing 391784 sites in memory (34.4 GB total hardware, 13.7 GB available with 40.0% utilization).
INFO - 2023-09-05 01:05:05,587 [base.py:968] : Initializing in-memory outputs for 57 sites with gids 3 through 99 inclusive (site list index 0 through 56)
INFO - 2023-09-05 01:05:05,588 [generation.py:813] : Running reV generation for: PointsControl with 57 sites from gid 3 through 99
INFO - 2023-09-05 01:05:06,361 [generation.py:829] : Finished reV gen serial compute for: PointsControl with 1 sites from gid 3 through 3 (iteration 1 out of 57)
INFO - 2023-09-05 01:05:07,107 [generation.py:829] : Finished reV gen serial compute for: PointsControl with 1 sites from gid 4 through 4 (iteration 2 out of 57)
INFO - 2023-09-05 01:05:07,851 [generation.py:829] : Finished reV gen serial compute for: PointsControl with 1 sites from gid 11 through 11 (iteration 3 out of 57)
INFO - 2023-09-05 01:05:08,593 [generation.py:829] : Finished reV gen serial compute for: PointsControl with 1 sites from gid 13 through 13 (iteration 4 out of 57)
INFO - 2023-09-05 01:05:09,346 [generation.py:829] : Finished reV gen serial compute for: PointsControl with 1 sites from gid 14 through 14 (iteration 5 out of 57)
INFO - 2023-09-05 01:05:10,115 [generation.py:829] : Finished reV gen serial compute for: PointsControl with 1 sites from gid 15 through 15 (iteration 6 out of 57)
INFO - 2023-09-05 01:05:10,856 [generation.py:829] : Finished reV gen serial compute for: PointsControl with 1 sites from gid 17 through 17 (iteration 7 out of 57)
INFO - 2023-09-05 01:05:11,596 [generation.py:829] : Finished reV gen serial compute for: PointsControl with 1 sites from gid 18 through 18 (iteration 8 out of 57)
INFO - 2023-09-05 01:05:12,347 [generation.py:829] : Finished reV gen serial compute for: PointsControl with 1 sites from gid 19 through 19 (iteration 9 out of 57)
INFO - 2023-09-05 01:05:13,091 [generation.py:829] : Finished reV gen serial compute for: PointsControl with 1 sites from gid 20 through 20 (iteration 10 out of 57)
INFO - 2023-09-05 01:05:13,832 [generation.py:829] : Finished reV gen serial compute for: PointsControl with 1 sites from gid 25 through 25 (iteration 11 out of 57)
INFO - 2023-09-05 01:05:14,571 [generation.py:829] : Finished reV gen serial compute for: PointsControl with 1 sites from gid 26 through 26 (iteration 12 out of 57)
INFO - 2023-09-05 01:05:15,319 [generation.py:829] : Finished reV gen serial compute for: PointsControl with 1 sites from gid 27 through 27 (iteration 13 out of 57)
INFO - 2023-09-05 01:05:16,063 [generation.py:829] : Finished reV gen serial compute for: PointsControl with 1 sites from gid 28 through 28 (iteration 14 out of 57)
INFO - 2023-09-05 01:05:16,803 [generation.py:829] : Finished reV gen serial compute for: PointsControl with 1 sites from gid 29 through 29 (iteration 15 out of 57)
INFO - 2023-09-05 01:05:17,567 [generation.py:829] : Finished reV gen serial compute for: PointsControl with 1 sites from gid 30 through 30 (iteration 16 out of 57)
INFO - 2023-09-05 01:05:18,310 [generation.py:829] : Finished reV gen serial compute for: PointsControl with 1 sites from gid 31 through 31 (iteration 17 out of 57)
INFO - 2023-09-05 01:05:19,055 [generation.py:829] : Finished reV gen serial compute for: PointsControl with 1 sites from gid 32 through 32 (iteration 18 out of 57)
INFO - 2023-09-05 01:05:19,793 [generation.py:829] : Finished reV gen serial compute for: PointsControl with 1 sites from gid 33 through 33 (iteration 19 out of 57)
INFO - 2023-09-05 01:05:20,534 [generation.py:829] : Finished reV gen serial compute for: PointsControl with 1 sites from gid 36 through 36 (iteration 20 out of 57)
INFO - 2023-09-05 01:05:21,274 [generation.py:829] : Finished reV gen serial compute for: PointsControl with 1 sites from gid 38 through 38 (iteration 21 out of 57)
INFO - 2023-09-05 01:05:22,023 [generation.py:829] : Finished reV gen serial compute for: PointsControl with 1 sites from gid 39 through 39 (iteration 22 out of 57)
INFO - 2023-09-05 01:05:22,763 [generation.py:829] : Finished reV gen serial compute for: PointsControl with 1 sites from gid 40 through 40 (iteration 23 out of 57)
INFO - 2023-09-05 01:05:23,503 [generation.py:829] : Finished reV gen serial compute for: PointsControl with 1 sites from gid 43 through 43 (iteration 24 out of 57)
INFO - 2023-09-05 01:05:24,269 [generation.py:829] : Finished reV gen serial compute for: PointsControl with 1 sites from gid 44 through 44 (iteration 25 out of 57)
INFO - 2023-09-05 01:05:25,025 [generation.py:829] : Finished reV gen serial compute for: PointsControl with 1 sites from gid 45 through 45 (iteration 26 out of 57)
INFO - 2023-09-05 01:05:25,781 [generation.py:829] : Finished reV gen serial compute for: PointsControl with 1 sites from gid 46 through 46 (iteration 27 out of 57)
INFO - 2023-09-05 01:05:26,529 [generation.py:829] : Finished reV gen serial compute for: PointsControl with 1 sites from gid 48 through 48 (iteration 28 out of 57)
INFO - 2023-09-05 01:05:27,300 [generation.py:829] : Finished reV gen serial compute for: PointsControl with 1 sites from gid 49 through 49 (iteration 29 out of 57)
INFO - 2023-09-05 01:05:28,075 [generation.py:829] : Finished reV gen serial compute for: PointsControl with 1 sites from gid 52 through 52 (iteration 30 out of 57)
INFO - 2023-09-05 01:05:28,828 [generation.py:829] : Finished reV gen serial compute for: PointsControl with 1 sites from gid 53 through 53 (iteration 31 out of 57)
INFO - 2023-09-05 01:05:29,605 [generation.py:829] : Finished reV gen serial compute for: PointsControl with 1 sites from gid 54 through 54 (iteration 32 out of 57)
INFO - 2023-09-05 01:05:30,355 [generation.py:829] : Finished reV gen serial compute for: PointsControl with 1 sites from gid 55 through 55 (iteration 33 out of 57)
INFO - 2023-09-05 01:05:31,116 [generation.py:829] : Finished reV gen serial compute for: PointsControl with 1 sites from gid 59 through 59 (iteration 34 out of 57)
INFO - 2023-09-05 01:05:31,895 [generation.py:829] : Finished reV gen serial compute for: PointsControl with 1 sites from gid 60 through 60 (iteration 35 out of 57)
INFO - 2023-09-05 01:05:32,637 [generation.py:829] : Finished reV gen serial compute for: PointsControl with 1 sites from gid 63 through 63 (iteration 36 out of 57)
INFO - 2023-09-05 01:05:33,382 [generation.py:829] : Finished reV gen serial compute for: PointsControl with 1 sites from gid 64 through 64 (iteration 37 out of 57)
INFO - 2023-09-05 01:05:34,131 [generation.py:829] : Finished reV gen serial compute for: PointsControl with 1 sites from gid 65 through 65 (iteration 38 out of 57)
INFO - 2023-09-05 01:05:34,884 [generation.py:829] : Finished reV gen serial compute for: PointsControl with 1 sites from gid 67 through 67 (iteration 39 out of 57)
INFO - 2023-09-05 01:05:35,631 [generation.py:829] : Finished reV gen serial compute for: PointsControl with 1 sites from gid 68 through 68 (iteration 40 out of 57)
INFO - 2023-09-05 01:05:36,375 [generation.py:829] : Finished reV gen serial compute for: PointsControl with 1 sites from gid 69 through 69 (iteration 41 out of 57)
INFO - 2023-09-05 01:05:37,117 [generation.py:829] : Finished reV gen serial compute for: PointsControl with 1 sites from gid 71 through 71 (iteration 42 out of 57)
INFO - 2023-09-05 01:05:37,874 [generation.py:829] : Finished reV gen serial compute for: PointsControl with 1 sites from gid 73 through 73 (iteration 43 out of 57)
INFO - 2023-09-05 01:05:38,652 [generation.py:829] : Finished reV gen serial compute for: PointsControl with 1 sites from gid 74 through 74 (iteration 44 out of 57)
INFO - 2023-09-05 01:05:39,406 [generation.py:829] : Finished reV gen serial compute for: PointsControl with 1 sites from gid 77 through 77 (iteration 45 out of 57)
INFO - 2023-09-05 01:05:40,172 [generation.py:829] : Finished reV gen serial compute for: PointsControl with 1 sites from gid 78 through 78 (iteration 46 out of 57)
INFO - 2023-09-05 01:05:40,936 [generation.py:829] : Finished reV gen serial compute for: PointsControl with 1 sites from gid 81 through 81 (iteration 47 out of 57)
INFO - 2023-09-05 01:05:41,677 [generation.py:829] : Finished reV gen serial compute for: PointsControl with 1 sites from gid 82 through 82 (iteration 48 out of 57)
INFO - 2023-09-05 01:05:42,421 [generation.py:829] : Finished reV gen serial compute for: PointsControl with 1 sites from gid 83 through 83 (iteration 49 out of 57)
INFO - 2023-09-05 01:05:43,187 [generation.py:829] : Finished reV gen serial compute for: PointsControl with 1 sites from gid 87 through 87 (iteration 50 out of 57)
INFO - 2023-09-05 01:05:43,951 [generation.py:829] : Finished reV gen serial compute for: PointsControl with 1 sites from gid 90 through 90 (iteration 51 out of 57)
INFO - 2023-09-05 01:05:44,706 [generation.py:829] : Finished reV gen serial compute for: PointsControl with 1 sites from gid 92 through 92 (iteration 52 out of 57)
INFO - 2023-09-05 01:05:45,453 [generation.py:829] : Finished reV gen serial compute for: PointsControl with 1 sites from gid 94 through 94 (iteration 53 out of 57)
INFO - 2023-09-05 01:05:46,229 [generation.py:829] : Finished reV gen serial compute for: PointsControl with 1 sites from gid 96 through 96 (iteration 54 out of 57)
INFO - 2023-09-05 01:05:46,989 [generation.py:829] : Finished reV gen serial compute for: PointsControl with 1 sites from gid 97 through 97 (iteration 55 out of 57)
INFO - 2023-09-05 01:05:47,738 [generation.py:829] : Finished reV gen serial compute for: PointsControl with 1 sites from gid 98 through 98 (iteration 56 out of 57)
INFO - 2023-09-05 01:05:48,487 [generation.py:829] : Finished reV gen serial compute for: PointsControl with 1 sites from gid 99 through 99 (iteration 57 out of 57)
INFO - 2023-09-05 01:05:48,487 [base.py:1076] : Flushing outputs to disk, target file: "/Users/sthomson/github/reV-tutorial/solar/rev/generation/generation_generation_j0_2012.h5"
INFO - 2023-09-05 01:05:48,497 [status.py:738] : Command 'generation' complete. Time elapsed: 0:00:43. Target output file: '/Users/sthomson/github/reV-tutorial/solar/rev/generation/generation_generation_j0_2012.h5'
gaps (INFO) - [execution.py:138] : Completed job 'generation_generation_j0'.
gaps (INFO) - [execution.py:119] : Running 'generation' locally with job name 'generation_generation_j1'.
INFO - 2023-09-05 01:05:50,009 [__init__.py:63] : Running with reV version 0.8.1
INFO - 2023-09-05 01:05:50,009 [loggers.py:600] : Running with rex version 0.2.84
INFO - 2023-09-05 01:05:50,029 [base.py:907] : Initializing full output file: "/Users/sthomson/github/reV-tutorial/solar/rev/generation/generation_generation_j1_2013.h5" with mode: w
INFO - 2023-09-05 01:05:50,103 [base.py:210] : Output results from a single site are calculated to use 0.0 KB of memory.
INFO - 2023-09-05 01:05:50,104 [base.py:177] : Limited to storing 391784 sites in memory (34.4 GB total hardware, 13.7 GB available with 40.0% utilization).
INFO - 2023-09-05 01:05:50,104 [base.py:968] : Initializing in-memory outputs for 57 sites with gids 3 through 99 inclusive (site list index 0 through 56)
INFO - 2023-09-05 01:05:50,104 [generation.py:813] : Running reV generation for: PointsControl with 57 sites from gid 3 through 99
INFO - 2023-09-05 01:05:50,877 [generation.py:829] : Finished reV gen serial compute for: PointsControl with 1 sites from gid 3 through 3 (iteration 1 out of 57)
INFO - 2023-09-05 01:05:51,627 [generation.py:829] : Finished reV gen serial compute for: PointsControl with 1 sites from gid 4 through 4 (iteration 2 out of 57)
INFO - 2023-09-05 01:05:52,382 [generation.py:829] : Finished reV gen serial compute for: PointsControl with 1 sites from gid 11 through 11 (iteration 3 out of 57)
INFO - 2023-09-05 01:05:53,127 [generation.py:829] : Finished reV gen serial compute for: PointsControl with 1 sites from gid 13 through 13 (iteration 4 out of 57)
INFO - 2023-09-05 01:05:53,864 [generation.py:829] : Finished reV gen serial compute for: PointsControl with 1 sites from gid 14 through 14 (iteration 5 out of 57)
INFO - 2023-09-05 01:05:54,629 [generation.py:829] : Finished reV gen serial compute for: PointsControl with 1 sites from gid 15 through 15 (iteration 6 out of 57)
INFO - 2023-09-05 01:05:55,369 [generation.py:829] : Finished reV gen serial compute for: PointsControl with 1 sites from gid 17 through 17 (iteration 7 out of 57)
INFO - 2023-09-05 01:05:56,114 [generation.py:829] : Finished reV gen serial compute for: PointsControl with 1 sites from gid 18 through 18 (iteration 8 out of 57)
INFO - 2023-09-05 01:05:56,855 [generation.py:829] : Finished reV gen serial compute for: PointsControl with 1 sites from gid 19 through 19 (iteration 9 out of 57)
INFO - 2023-09-05 01:05:57,596 [generation.py:829] : Finished reV gen serial compute for: PointsControl with 1 sites from gid 20 through 20 (iteration 10 out of 57)
INFO - 2023-09-05 01:05:58,336 [generation.py:829] : Finished reV gen serial compute for: PointsControl with 1 sites from gid 25 through 25 (iteration 11 out of 57)
INFO - 2023-09-05 01:05:59,075 [generation.py:829] : Finished reV gen serial compute for: PointsControl with 1 sites from gid 26 through 26 (iteration 12 out of 57)
INFO - 2023-09-05 01:05:59,815 [generation.py:829] : Finished reV gen serial compute for: PointsControl with 1 sites from gid 27 through 27 (iteration 13 out of 57)
INFO - 2023-09-05 01:06:00,551 [generation.py:829] : Finished reV gen serial compute for: PointsControl with 1 sites from gid 28 through 28 (iteration 14 out of 57)
INFO - 2023-09-05 01:06:01,289 [generation.py:829] : Finished reV gen serial compute for: PointsControl with 1 sites from gid 29 through 29 (iteration 15 out of 57)
INFO - 2023-09-05 01:06:02,052 [generation.py:829] : Finished reV gen serial compute for: PointsControl with 1 sites from gid 30 through 30 (iteration 16 out of 57)
INFO - 2023-09-05 01:06:02,796 [generation.py:829] : Finished reV gen serial compute for: PointsControl with 1 sites from gid 31 through 31 (iteration 17 out of 57)
INFO - 2023-09-05 01:06:03,533 [generation.py:829] : Finished reV gen serial compute for: PointsControl with 1 sites from gid 32 through 32 (iteration 18 out of 57)
INFO - 2023-09-05 01:06:04,270 [generation.py:829] : Finished reV gen serial compute for: PointsControl with 1 sites from gid 33 through 33 (iteration 19 out of 57)
INFO - 2023-09-05 01:06:05,005 [generation.py:829] : Finished reV gen serial compute for: PointsControl with 1 sites from gid 36 through 36 (iteration 20 out of 57)
INFO - 2023-09-05 01:06:05,753 [generation.py:829] : Finished reV gen serial compute for: PointsControl with 1 sites from gid 38 through 38 (iteration 21 out of 57)
INFO - 2023-09-05 01:06:06,488 [generation.py:829] : Finished reV gen serial compute for: PointsControl with 1 sites from gid 39 through 39 (iteration 22 out of 57)
INFO - 2023-09-05 01:06:07,223 [generation.py:829] : Finished reV gen serial compute for: PointsControl with 1 sites from gid 40 through 40 (iteration 23 out of 57)
INFO - 2023-09-05 01:06:07,964 [generation.py:829] : Finished reV gen serial compute for: PointsControl with 1 sites from gid 43 through 43 (iteration 24 out of 57)
INFO - 2023-09-05 01:06:08,739 [generation.py:829] : Finished reV gen serial compute for: PointsControl with 1 sites from gid 44 through 44 (iteration 25 out of 57)
INFO - 2023-09-05 01:06:09,477 [generation.py:829] : Finished reV gen serial compute for: PointsControl with 1 sites from gid 45 through 45 (iteration 26 out of 57)
INFO - 2023-09-05 01:06:10,214 [generation.py:829] : Finished reV gen serial compute for: PointsControl with 1 sites from gid 46 through 46 (iteration 27 out of 57)
INFO - 2023-09-05 01:06:10,956 [generation.py:829] : Finished reV gen serial compute for: PointsControl with 1 sites from gid 48 through 48 (iteration 28 out of 57)
INFO - 2023-09-05 01:06:11,696 [generation.py:829] : Finished reV gen serial compute for: PointsControl with 1 sites from gid 49 through 49 (iteration 29 out of 57)
INFO - 2023-09-05 01:06:12,442 [generation.py:829] : Finished reV gen serial compute for: PointsControl with 1 sites from gid 52 through 52 (iteration 30 out of 57)
INFO - 2023-09-05 01:06:13,178 [generation.py:829] : Finished reV gen serial compute for: PointsControl with 1 sites from gid 53 through 53 (iteration 31 out of 57)
INFO - 2023-09-05 01:06:13,920 [generation.py:829] : Finished reV gen serial compute for: PointsControl with 1 sites from gid 54 through 54 (iteration 32 out of 57)
INFO - 2023-09-05 01:06:14,658 [generation.py:829] : Finished reV gen serial compute for: PointsControl with 1 sites from gid 55 through 55 (iteration 33 out of 57)
INFO - 2023-09-05 01:06:15,406 [generation.py:829] : Finished reV gen serial compute for: PointsControl with 1 sites from gid 59 through 59 (iteration 34 out of 57)
INFO - 2023-09-05 01:06:16,168 [generation.py:829] : Finished reV gen serial compute for: PointsControl with 1 sites from gid 60 through 60 (iteration 35 out of 57)
INFO - 2023-09-05 01:06:16,903 [generation.py:829] : Finished reV gen serial compute for: PointsControl with 1 sites from gid 63 through 63 (iteration 36 out of 57)
INFO - 2023-09-05 01:06:17,641 [generation.py:829] : Finished reV gen serial compute for: PointsControl with 1 sites from gid 64 through 64 (iteration 37 out of 57)
INFO - 2023-09-05 01:06:18,386 [generation.py:829] : Finished reV gen serial compute for: PointsControl with 1 sites from gid 65 through 65 (iteration 38 out of 57)
INFO - 2023-09-05 01:06:19,123 [generation.py:829] : Finished reV gen serial compute for: PointsControl with 1 sites from gid 67 through 67 (iteration 39 out of 57)
INFO - 2023-09-05 01:06:19,860 [generation.py:829] : Finished reV gen serial compute for: PointsControl with 1 sites from gid 68 through 68 (iteration 40 out of 57)
INFO - 2023-09-05 01:06:20,598 [generation.py:829] : Finished reV gen serial compute for: PointsControl with 1 sites from gid 69 through 69 (iteration 41 out of 57)
INFO - 2023-09-05 01:06:21,339 [generation.py:829] : Finished reV gen serial compute for: PointsControl with 1 sites from gid 71 through 71 (iteration 42 out of 57)
INFO - 2023-09-05 01:06:22,078 [generation.py:829] : Finished reV gen serial compute for: PointsControl with 1 sites from gid 73 through 73 (iteration 43 out of 57)
INFO - 2023-09-05 01:06:22,841 [generation.py:829] : Finished reV gen serial compute for: PointsControl with 1 sites from gid 74 through 74 (iteration 44 out of 57)
INFO - 2023-09-05 01:06:23,577 [generation.py:829] : Finished reV gen serial compute for: PointsControl with 1 sites from gid 77 through 77 (iteration 45 out of 57)
INFO - 2023-09-05 01:06:24,314 [generation.py:829] : Finished reV gen serial compute for: PointsControl with 1 sites from gid 78 through 78 (iteration 46 out of 57)
INFO - 2023-09-05 01:06:25,061 [generation.py:829] : Finished reV gen serial compute for: PointsControl with 1 sites from gid 81 through 81 (iteration 47 out of 57)
INFO - 2023-09-05 01:06:25,800 [generation.py:829] : Finished reV gen serial compute for: PointsControl with 1 sites from gid 82 through 82 (iteration 48 out of 57)
INFO - 2023-09-05 01:06:26,537 [generation.py:829] : Finished reV gen serial compute for: PointsControl with 1 sites from gid 83 through 83 (iteration 49 out of 57)
INFO - 2023-09-05 01:06:27,273 [generation.py:829] : Finished reV gen serial compute for: PointsControl with 1 sites from gid 87 through 87 (iteration 50 out of 57)
INFO - 2023-09-05 01:06:28,020 [generation.py:829] : Finished reV gen serial compute for: PointsControl with 1 sites from gid 90 through 90 (iteration 51 out of 57)
INFO - 2023-09-05 01:06:28,756 [generation.py:829] : Finished reV gen serial compute for: PointsControl with 1 sites from gid 92 through 92 (iteration 52 out of 57)
INFO - 2023-09-05 01:06:29,493 [generation.py:829] : Finished reV gen serial compute for: PointsControl with 1 sites from gid 94 through 94 (iteration 53 out of 57)
INFO - 2023-09-05 01:06:30,258 [generation.py:829] : Finished reV gen serial compute for: PointsControl with 1 sites from gid 96 through 96 (iteration 54 out of 57)
INFO - 2023-09-05 01:06:31,006 [generation.py:829] : Finished reV gen serial compute for: PointsControl with 1 sites from gid 97 through 97 (iteration 55 out of 57)
INFO - 2023-09-05 01:06:31,743 [generation.py:829] : Finished reV gen serial compute for: PointsControl with 1 sites from gid 98 through 98 (iteration 56 out of 57)
INFO - 2023-09-05 01:06:32,481 [generation.py:829] : Finished reV gen serial compute for: PointsControl with 1 sites from gid 99 through 99 (iteration 57 out of 57)
INFO - 2023-09-05 01:06:32,485 [base.py:1076] : Flushing outputs to disk, target file: "/Users/sthomson/github/reV-tutorial/solar/rev/generation/generation_generation_j1_2013.h5"
INFO - 2023-09-05 01:06:32,494 [status.py:738] : Command 'generation' complete. Time elapsed: 0:00:42. Target output file: '/Users/sthomson/github/reV-tutorial/solar/rev/generation/generation_generation_j1_2013.h5'
gaps (INFO) - [execution.py:134] : Subprocess received stdout: 
INFO - 2023-09-05 01:05:50,009 [__init__.py:63] : Running with reV version 0.8.1
INFO - 2023-09-05 01:05:50,009 [loggers.py:600] : Running with rex version 0.2.84
INFO - 2023-09-05 01:05:50,029 [base.py:907] : Initializing full output file: "/Users/sthomson/github/reV-tutorial/solar/rev/generation/generation_generation_j1_2013.h5" with mode: w
INFO - 2023-09-05 01:05:50,103 [base.py:210] : Output results from a single site are calculated to use 0.0 KB of memory.
INFO - 2023-09-05 01:05:50,104 [base.py:177] : Limited to storing 391784 sites in memory (34.4 GB total hardware, 13.7 GB available with 40.0% utilization).
INFO - 2023-09-05 01:05:50,104 [base.py:968] : Initializing in-memory outputs for 57 sites with gids 3 through 99 inclusive (site list index 0 through 56)
INFO - 2023-09-05 01:05:50,104 [generation.py:813] : Running reV generation for: PointsControl with 57 sites from gid 3 through 99
INFO - 2023-09-05 01:05:50,877 [generation.py:829] : Finished reV gen serial compute for: PointsControl with 1 sites from gid 3 through 3 (iteration 1 out of 57)
INFO - 2023-09-05 01:05:51,627 [generation.py:829] : Finished reV gen serial compute for: PointsControl with 1 sites from gid 4 through 4 (iteration 2 out of 57)
INFO - 2023-09-05 01:05:52,382 [generation.py:829] : Finished reV gen serial compute for: PointsControl with 1 sites from gid 11 through 11 (iteration 3 out of 57)
INFO - 2023-09-05 01:05:53,127 [generation.py:829] : Finished reV gen serial compute for: PointsControl with 1 sites from gid 13 through 13 (iteration 4 out of 57)
INFO - 2023-09-05 01:05:53,864 [generation.py:829] : Finished reV gen serial compute for: PointsControl with 1 sites from gid 14 through 14 (iteration 5 out of 57)
INFO - 2023-09-05 01:05:54,629 [generation.py:829] : Finished reV gen serial compute for: PointsControl with 1 sites from gid 15 through 15 (iteration 6 out of 57)
INFO - 2023-09-05 01:05:55,369 [generation.py:829] : Finished reV gen serial compute for: PointsControl with 1 sites from gid 17 through 17 (iteration 7 out of 57)
INFO - 2023-09-05 01:05:56,114 [generation.py:829] : Finished reV gen serial compute for: PointsControl with 1 sites from gid 18 through 18 (iteration 8 out of 57)
INFO - 2023-09-05 01:05:56,855 [generation.py:829] : Finished reV gen serial compute for: PointsControl with 1 sites from gid 19 through 19 (iteration 9 out of 57)
INFO - 2023-09-05 01:05:57,596 [generation.py:829] : Finished reV gen serial compute for: PointsControl with 1 sites from gid 20 through 20 (iteration 10 out of 57)
INFO - 2023-09-05 01:05:58,336 [generation.py:829] : Finished reV gen serial compute for: PointsControl with 1 sites from gid 25 through 25 (iteration 11 out of 57)
INFO - 2023-09-05 01:05:59,075 [generation.py:829] : Finished reV gen serial compute for: PointsControl with 1 sites from gid 26 through 26 (iteration 12 out of 57)
INFO - 2023-09-05 01:05:59,815 [generation.py:829] : Finished reV gen serial compute for: PointsControl with 1 sites from gid 27 through 27 (iteration 13 out of 57)
INFO - 2023-09-05 01:06:00,551 [generation.py:829] : Finished reV gen serial compute for: PointsControl with 1 sites from gid 28 through 28 (iteration 14 out of 57)
INFO - 2023-09-05 01:06:01,289 [generation.py:829] : Finished reV gen serial compute for: PointsControl with 1 sites from gid 29 through 29 (iteration 15 out of 57)
INFO - 2023-09-05 01:06:02,052 [generation.py:829] : Finished reV gen serial compute for: PointsControl with 1 sites from gid 30 through 30 (iteration 16 out of 57)
INFO - 2023-09-05 01:06:02,796 [generation.py:829] : Finished reV gen serial compute for: PointsControl with 1 sites from gid 31 through 31 (iteration 17 out of 57)
INFO - 2023-09-05 01:06:03,533 [generation.py:829] : Finished reV gen serial compute for: PointsControl with 1 sites from gid 32 through 32 (iteration 18 out of 57)
INFO - 2023-09-05 01:06:04,270 [generation.py:829] : Finished reV gen serial compute for: PointsControl with 1 sites from gid 33 through 33 (iteration 19 out of 57)
INFO - 2023-09-05 01:06:05,005 [generation.py:829] : Finished reV gen serial compute for: PointsControl with 1 sites from gid 36 through 36 (iteration 20 out of 57)
INFO - 2023-09-05 01:06:05,753 [generation.py:829] : Finished reV gen serial compute for: PointsControl with 1 sites from gid 38 through 38 (iteration 21 out of 57)
INFO - 2023-09-05 01:06:06,488 [generation.py:829] : Finished reV gen serial compute for: PointsControl with 1 sites from gid 39 through 39 (iteration 22 out of 57)
INFO - 2023-09-05 01:06:07,223 [generation.py:829] : Finished reV gen serial compute for: PointsControl with 1 sites from gid 40 through 40 (iteration 23 out of 57)
INFO - 2023-09-05 01:06:07,964 [generation.py:829] : Finished reV gen serial compute for: PointsControl with 1 sites from gid 43 through 43 (iteration 24 out of 57)
INFO - 2023-09-05 01:06:08,739 [generation.py:829] : Finished reV gen serial compute for: PointsControl with 1 sites from gid 44 through 44 (iteration 25 out of 57)
INFO - 2023-09-05 01:06:09,477 [generation.py:829] : Finished reV gen serial compute for: PointsControl with 1 sites from gid 45 through 45 (iteration 26 out of 57)
INFO - 2023-09-05 01:06:10,214 [generation.py:829] : Finished reV gen serial compute for: PointsControl with 1 sites from gid 46 through 46 (iteration 27 out of 57)
INFO - 2023-09-05 01:06:10,956 [generation.py:829] : Finished reV gen serial compute for: PointsControl with 1 sites from gid 48 through 48 (iteration 28 out of 57)
INFO - 2023-09-05 01:06:11,696 [generation.py:829] : Finished reV gen serial compute for: PointsControl with 1 sites from gid 49 through 49 (iteration 29 out of 57)
INFO - 2023-09-05 01:06:12,442 [generation.py:829] : Finished reV gen serial compute for: PointsControl with 1 sites from gid 52 through 52 (iteration 30 out of 57)
INFO - 2023-09-05 01:06:13,178 [generation.py:829] : Finished reV gen serial compute for: PointsControl with 1 sites from gid 53 through 53 (iteration 31 out of 57)
INFO - 2023-09-05 01:06:13,920 [generation.py:829] : Finished reV gen serial compute for: PointsControl with 1 sites from gid 54 through 54 (iteration 32 out of 57)
INFO - 2023-09-05 01:06:14,658 [generation.py:829] : Finished reV gen serial compute for: PointsControl with 1 sites from gid 55 through 55 (iteration 33 out of 57)
INFO - 2023-09-05 01:06:15,406 [generation.py:829] : Finished reV gen serial compute for: PointsControl with 1 sites from gid 59 through 59 (iteration 34 out of 57)
INFO - 2023-09-05 01:06:16,168 [generation.py:829] : Finished reV gen serial compute for: PointsControl with 1 sites from gid 60 through 60 (iteration 35 out of 57)
INFO - 2023-09-05 01:06:16,903 [generation.py:829] : Finished reV gen serial compute for: PointsControl with 1 sites from gid 63 through 63 (iteration 36 out of 57)
INFO - 2023-09-05 01:06:17,641 [generation.py:829] : Finished reV gen serial compute for: PointsControl with 1 sites from gid 64 through 64 (iteration 37 out of 57)
INFO - 2023-09-05 01:06:18,386 [generation.py:829] : Finished reV gen serial compute for: PointsControl with 1 sites from gid 65 through 65 (iteration 38 out of 57)
INFO - 2023-09-05 01:06:19,123 [generation.py:829] : Finished reV gen serial compute for: PointsControl with 1 sites from gid 67 through 67 (iteration 39 out of 57)
INFO - 2023-09-05 01:06:19,860 [generation.py:829] : Finished reV gen serial compute for: PointsControl with 1 sites from gid 68 through 68 (iteration 40 out of 57)
INFO - 2023-09-05 01:06:20,598 [generation.py:829] : Finished reV gen serial compute for: PointsControl with 1 sites from gid 69 through 69 (iteration 41 out of 57)
INFO - 2023-09-05 01:06:21,339 [generation.py:829] : Finished reV gen serial compute for: PointsControl with 1 sites from gid 71 through 71 (iteration 42 out of 57)
INFO - 2023-09-05 01:06:22,078 [generation.py:829] : Finished reV gen serial compute for: PointsControl with 1 sites from gid 73 through 73 (iteration 43 out of 57)
INFO - 2023-09-05 01:06:22,841 [generation.py:829] : Finished reV gen serial compute for: PointsControl with 1 sites from gid 74 through 74 (iteration 44 out of 57)
INFO - 2023-09-05 01:06:23,577 [generation.py:829] : Finished reV gen serial compute for: PointsControl with 1 sites from gid 77 through 77 (iteration 45 out of 57)
INFO - 2023-09-05 01:06:24,314 [generation.py:829] : Finished reV gen serial compute for: PointsControl with 1 sites from gid 78 through 78 (iteration 46 out of 57)
INFO - 2023-09-05 01:06:25,061 [generation.py:829] : Finished reV gen serial compute for: PointsControl with 1 sites from gid 81 through 81 (iteration 47 out of 57)
INFO - 2023-09-05 01:06:25,800 [generation.py:829] : Finished reV gen serial compute for: PointsControl with 1 sites from gid 82 through 82 (iteration 48 out of 57)
INFO - 2023-09-05 01:06:26,537 [generation.py:829] : Finished reV gen serial compute for: PointsControl with 1 sites from gid 83 through 83 (iteration 49 out of 57)
INFO - 2023-09-05 01:06:27,273 [generation.py:829] : Finished reV gen serial compute for: PointsControl with 1 sites from gid 87 through 87 (iteration 50 out of 57)
INFO - 2023-09-05 01:06:28,020 [generation.py:829] : Finished reV gen serial compute for: PointsControl with 1 sites from gid 90 through 90 (iteration 51 out of 57)
INFO - 2023-09-05 01:06:28,756 [generation.py:829] : Finished reV gen serial compute for: PointsControl with 1 sites from gid 92 through 92 (iteration 52 out of 57)
INFO - 2023-09-05 01:06:29,493 [generation.py:829] : Finished reV gen serial compute for: PointsControl with 1 sites from gid 94 through 94 (iteration 53 out of 57)
INFO - 2023-09-05 01:06:30,258 [generation.py:829] : Finished reV gen serial compute for: PointsControl with 1 sites from gid 96 through 96 (iteration 54 out of 57)
INFO - 2023-09-05 01:06:31,006 [generation.py:829] : Finished reV gen serial compute for: PointsControl with 1 sites from gid 97 through 97 (iteration 55 out of 57)
INFO - 2023-09-05 01:06:31,743 [generation.py:829] : Finished reV gen serial compute for: PointsControl with 1 sites from gid 98 through 98 (iteration 56 out of 57)
INFO - 2023-09-05 01:06:32,481 [generation.py:829] : Finished reV gen serial compute for: PointsControl with 1 sites from gid 99 through 99 (iteration 57 out of 57)
INFO - 2023-09-05 01:06:32,485 [base.py:1076] : Flushing outputs to disk, target file: "/Users/sthomson/github/reV-tutorial/solar/rev/generation/generation_generation_j1_2013.h5"
INFO - 2023-09-05 01:06:32,494 [status.py:738] : Command 'generation' complete. Time elapsed: 0:00:42. Target output file: '/Users/sthomson/github/reV-tutorial/solar/rev/generation/generation_generation_j1_2013.h5'
gaps (INFO) - [execution.py:138] : Completed job 'generation_generation_j1'.
