gaps (INFO) - [config.py:215] : Running qa-qc from config file: '/Users/sthomson/github/reV-tutorial/wind/rev/generation/config_qa-qc.json'
gaps (INFO) - [config.py:220] : Target output directory: '/Users/sthomson/github/reV-tutorial/wind/rev/generation'
gaps (INFO) - [config.py:221] : Target logging directory: '/Users/sthomson/github/reV-tutorial/wind/rev/generation/logs'
gaps (INFO) - [execution.py:119] : Running 'qa-qc' locally with job name 'generation_qa_qc'.
INFO - 2023-09-05 00:28:17,629 [__init__.py:63] : Running with reV version 0.8.1
INFO - 2023-09-05 00:28:17,629 [loggers.py:600] : Running with rex version 0.2.84
INFO - 2023-09-05 00:28:17,629 [qa_qc.py:34] : QA/QC results to be saved to: /Users/sthomson/github/reV-tutorial/wind/rev/generation/QA_multi-year
INFO - 2023-09-05 00:28:17,629 [summary.py:31] : QAQC Summarize initializing on: /Users/sthomson/github/reV-tutorial/wind/rev/generation/generation_multi_year.h5
INFO - 2023-09-05 00:28:35,850 [qa_qc.py:144] : Finished QAQC on file: generation_multi_year.h5 output directory: /Users/sthomson/github/reV-tutorial/wind/rev/generation/QA_multi-year
INFO - 2023-09-05 00:28:35,850 [status.py:738] : Command 'qa-qc' complete. Time elapsed: 0:00:18. Target output file: None
gaps (INFO) - [execution.py:134] : Subprocess received stdout: 
INFO - 2023-09-05 00:28:17,629 [__init__.py:63] : Running with reV version 0.8.1
INFO - 2023-09-05 00:28:17,629 [loggers.py:600] : Running with rex version 0.2.84
INFO - 2023-09-05 00:28:17,629 [qa_qc.py:34] : QA/QC results to be saved to: /Users/sthomson/github/reV-tutorial/wind/rev/generation/QA_multi-year
INFO - 2023-09-05 00:28:17,629 [summary.py:31] : QAQC Summarize initializing on: /Users/sthomson/github/reV-tutorial/wind/rev/generation/generation_multi_year.h5
INFO - 2023-09-05 00:28:35,850 [qa_qc.py:144] : Finished QAQC on file: generation_multi_year.h5 output directory: /Users/sthomson/github/reV-tutorial/wind/rev/generation/QA_multi-year
INFO - 2023-09-05 00:28:35,850 [status.py:738] : Command 'qa-qc' complete. Time elapsed: 0:00:18. Target output file: None
gaps (INFO) - [execution.py:138] : Completed job 'generation_qa_qc'.
gaps (INFO) - [pipeline.py:199] : CLI command 'qa-qc' for job 'generation' is successful. (Tue Sep  5 00:28:42 2023)
gaps (INFO) - [pipeline.py:112] : Pipeline job 'generation' is complete.
